# JRE version: OpenJDK Runtime Environment (8.0_112-b06) (build 1.8.0_112-release-b06)
# Java VM: OpenJDK 64-Bit Server VM (25.112-b06 mixed mode windows-amd64 compressed oops)
Heap:
 PSYoungGen      total 250368K, used 234413K [0x00000000e0000000, 0x00000000f5e80000, 0x0000000100000000)
  eden space 245760K, 93% used [0x00000000e0000000,0x00000000ee0af858,0x00000000ef000000)
  from space 4608K, 94% used [0x00000000f5a00000,0x00000000f5e3bc58,0x00000000f5e80000)
  to   space 32768K, 0% used [0x00000000f1e80000,0x00000000f1e80000,0x00000000f3e80000)
 ParOldGen       total 107008K, used 83409K [0x00000000a0000000, 0x00000000a6880000, 0x00000000e0000000)
  object space 107008K, 77% used [0x00000000a0000000,0x00000000a5174680,0x00000000a6880000)
 Metaspace       used 61731K, capacity 64402K, committed 64600K, reserved 1105920K
  class space    used 8182K, capacity 8749K, committed 8832K, reserved 1048576K
GC Heap History (10 events):
Event: 38.949 GC heap before
{Heap before GC invocations=13 (full 2):
 PSYoungGen      total 206848K, used 206816K [0x00000000e0000000, 0x00000000edc80000, 0x0000000100000000)
  eden space 193024K, 100% used [0x00000000e0000000,0x00000000ebc80000,0x00000000ebc80000)
  from space 13824K, 99% used [0x00000000ecd00000,0x00000000eda78168,0x00000000eda80000)
  to   space 16384K, 0% used [0x00000000ebc80000,0x00000000ebc80000,0x00000000ecc80000)
 ParOldGen       total 53248K, used 16663K [0x00000000a0000000, 0x00000000a3400000, 0x00000000e0000000)
  object space 53248K, 31% used [0x00000000a0000000,0x00000000a1045c40,0x00000000a3400000)
 Metaspace       used 53108K, capacity 55164K, committed 55168K, reserved 1097728K
  class space    used 7314K, capacity 7805K, committed 7808K, reserved 1048576K
Event: 39.012 GC heap after
Heap after GC invocations=13 (full 2):
 PSYoungGen      total 209408K, used 16352K [0x00000000e0000000, 0x00000000f3180000, 0x0000000100000000)
  eden space 193024K, 0% used [0x00000000e0000000,0x00000000e0000000,0x00000000ebc80000)
  from space 16384K, 99% used [0x00000000ebc80000,0x00000000ecc78020,0x00000000ecc80000)
  to   space 25088K, 0% used [0x00000000f1900000,0x00000000f1900000,0x00000000f3180000)
 ParOldGen       total 53248K, used 33532K [0x00000000a0000000, 0x00000000a3400000, 0x00000000e0000000)
  object space 53248K, 62% used [0x00000000a0000000,0x00000000a20bf1d8,0x00000000a3400000)
 Metaspace       used 53108K, capacity 55164K, committed 55168K, reserved 1097728K
  class space    used 7314K, capacity 7805K, committed 7808K, reserved 1048576K
}
Event: 51.434 GC heap before
{Heap before GC invocations=14 (full 2):
 PSYoungGen      total 209408K, used 155723K [0x00000000e0000000, 0x00000000f3180000, 0x0000000100000000)
  eden space 193024K, 72% used [0x00000000e0000000,0x00000000e881acf0,0x00000000ebc80000)
  from space 16384K, 99% used [0x00000000ebc80000,0x00000000ecc78020,0x00000000ecc80000)
  to   space 25088K, 0% used [0x00000000f1900000,0x00000000f1900000,0x00000000f3180000)
 ParOldGen       total 53248K, used 33532K [0x00000000a0000000, 0x00000000a3400000, 0x00000000e0000000)
  object space 53248K, 62% used [0x00000000a0000000,0x00000000a20bf1d8,0x00000000a3400000)
 Metaspace       used 56620K, capacity 58988K, committed 59096K, reserved 1099776K
  class space    used 7620K, capacity 8142K, committed 8192K, reserved 1048576K
Event: 51.468 GC heap after
Heap after GC invocations=14 (full 2):
 PSYoungGen      total 273408K, used 8051K [0x00000000e0000000, 0x00000000f2980000, 0x0000000100000000)
  eden space 256512K, 0% used [0x00000000e0000000,0x00000000e0000000,0x00000000efa80000)
  from space 16896K, 47% used [0x00000000f1900000,0x00000000f20dced8,0x00000000f2980000)
  to   space 24064K, 0% used [0x00000000efa80000,0x00000000efa80000,0x00000000f1200000)
 ParOldGen       total 53248K, used 49970K [0x00000000a0000000, 0x00000000a3400000, 0x00000000e0000000)
  object space 53248K, 93% used [0x00000000a0000000,0x00000000a30ccbf8,0x00000000a3400000)
 Metaspace       used 56620K, capacity 58988K, committed 59096K, reserved 1099776K
  class space    used 7620K, capacity 8142K, committed 8192K, reserved 1048576K
}
Event: 51.468 GC heap before
{Heap before GC invocations=15 (full 3):
 PSYoungGen      total 273408K, used 8051K [0x00000000e0000000, 0x00000000f2980000, 0x0000000100000000)
  eden space 256512K, 0% used [0x00000000e0000000,0x00000000e0000000,0x00000000efa80000)
  from space 16896K, 47% used [0x00000000f1900000,0x00000000f20dced8,0x00000000f2980000)
  to   space 24064K, 0% used [0x00000000efa80000,0x00000000efa80000,0x00000000f1200000)
 ParOldGen       total 53248K, used 49970K [0x00000000a0000000, 0x00000000a3400000, 0x00000000e0000000)
  object space 53248K, 93% used [0x00000000a0000000,0x00000000a30ccbf8,0x00000000a3400000)
 Metaspace       used 56620K, capacity 58988K, committed 59096K, reserved 1099776K
  class space    used 7620K, capacity 8142K, committed 8192K, reserved 1048576K
Event: 51.894 GC heap after
Heap after GC invocations=15 (full 3):
 PSYoungGen      total 273408K, used 0K [0x00000000e0000000, 0x00000000f2980000, 0x0000000100000000)
  eden space 256512K, 0% used [0x00000000e0000000,0x00000000e0000000,0x00000000efa80000)
  from space 16896K, 0% used [0x00000000f1900000,0x00000000f1900000,0x00000000f2980000)
  to   space 24064K, 0% used [0x00000000efa80000,0x00000000efa80000,0x00000000f1200000)
 ParOldGen       total 107008K, used 48873K [0x00000000a0000000, 0x00000000a6880000, 0x00000000e0000000)
  object space 107008K, 45% used [0x00000000a0000000,0x00000000a2fba4a8,0x00000000a6880000)
 Metaspace       used 56620K, capacity 58988K, committed 59096K, reserved 1099776K
  class space    used 7620K, capacity 8142K, committed 8192K, reserved 1048576K
}
Event: 98.592 GC heap before
{Heap before GC invocations=16 (full 3):
 PSYoungGen      total 273408K, used 256512K [0x00000000e0000000, 0x00000000f2980000, 0x0000000100000000)
  eden space 256512K, 100% used [0x00000000e0000000,0x00000000efa80000,0x00000000efa80000)
  from space 16896K, 0% used [0x00000000f1900000,0x00000000f1900000,0x00000000f2980000)
  to   space 24064K, 0% used [0x00000000efa80000,0x00000000efa80000,0x00000000f1200000)
 ParOldGen       total 107008K, used 48873K [0x00000000a0000000, 0x00000000a6880000, 0x00000000e0000000)
  object space 107008K, 45% used [0x00000000a0000000,0x00000000a2fba4a8,0x00000000a6880000)
 Metaspace       used 59934K, capacity 62480K, committed 62552K, reserved 1103872K
  class space    used 7994K, capacity 8554K, committed 8576K, reserved 1048576K
Event: 98.676 GC heap after
Heap after GC invocations=16 (full 3):
 PSYoungGen      total 280576K, used 24051K [0x00000000e0000000, 0x00000000f7a80000, 0x0000000100000000)
  eden space 256512K, 0% used [0x00000000e0000000,0x00000000e0000000,0x00000000efa80000)
  from space 24064K, 99% used [0x00000000efa80000,0x00000000f11fce50,0x00000000f1200000)
  to   space 33280K, 0% used [0x00000000f5a00000,0x00000000f5a00000,0x00000000f7a80000)
 ParOldGen       total 107008K, used 63450K [0x00000000a0000000, 0x00000000a6880000, 0x00000000e0000000)
  object space 107008K, 59% used [0x00000000a0000000,0x00000000a3df6828,0x00000000a6880000)
 Metaspace       used 59934K, capacity 62480K, committed 62552K, reserved 1103872K
  class space    used 7994K, capacity 8554K, committed 8576K, reserved 1048576K
}
Event: 3407.596 GC heap before
{Heap before GC invocations=17 (full 3):
 PSYoungGen      total 280576K, used 280563K [0x00000000e0000000, 0x00000000f7a80000, 0x0000000100000000)
  eden space 256512K, 100% used [0x00000000e0000000,0x00000000efa80000,0x00000000efa80000)
  from space 24064K, 99% used [0x00000000efa80000,0x00000000f11fce50,0x00000000f1200000)
  to   space 33280K, 0% used [0x00000000f5a00000,0x00000000f5a00000,0x00000000f7a80000)
 ParOldGen       total 107008K, used 63450K [0x00000000a0000000, 0x00000000a6880000, 0x00000000e0000000)
  object space 107008K, 59% used [0x00000000a0000000,0x00000000a3df6828,0x00000000a6880000)
 Metaspace       used 61413K, capacity 64140K, committed 64344K, reserved 1105920K
  class space    used 8156K, capacity 8732K, committed 8832K, reserved 1048576K
Event: 3407.843 GC heap after
Heap after GC invocations=17 (full 3):
 PSYoungGen      total 250368K, used 4335K [0x00000000e0000000, 0x00000000f5e80000, 0x0000000100000000)
  eden space 245760K, 0% used [0x00000000e0000000,0x00000000e0000000,0x00000000ef000000)
  from space 4608K, 94% used [0x00000000f5a00000,0x00000000f5e3bc58,0x00000000f5e80000)
  to   space 32768K, 0% used [0x00000000f1e80000,0x00000000f1e80000,0x00000000f3e80000)
 ParOldGen       total 107008K, used 83409K [0x00000000a0000000, 0x00000000a6880000, 0x00000000e0000000)
  object space 107008K, 77% used [0x00000000a0000000,0x00000000a5174680,0x00000000a6880000)
 Metaspace       used 61413K, capacity 64140K, committed 64344K, reserved 1105920K
  class space    used 8156K, capacity 8732K, committed 8832K, reserved 1048576K
}

