# JRE version: OpenJDK Runtime Environment (8.0_152-b02) (build 1.8.0_152-release-1024-b02)
# Java VM: OpenJDK 64-Bit Server VM (25.152-b02 mixed mode windows-amd64 compressed oops)
Heap:
 PSYoungGen      total 196608K, used 91857K [0x00000000e0000000, 0x00000000f0500000, 0x0000000100000000)
  eden space 145920K, 43% used [0x00000000e0000000,0x00000000e3e53a80,0x00000000e8e80000)
  from space 50688K, 55% used [0x00000000e8e80000,0x00000000ea9e0a30,0x00000000ec000000)
  to   space 50176K, 0% used [0x00000000ed400000,0x00000000ed400000,0x00000000f0500000)
 ParOldGen       total 175616K, used 75198K [0x00000000a0000000, 0x00000000aab80000, 0x00000000e0000000)
  object space 175616K, 42% used [0x00000000a0000000,0x00000000a496f9e8,0x00000000aab80000)
 Metaspace       used 83927K, capacity 90056K, committed 90456K, reserved 1128448K
  class space    used 10604K, capacity 12007K, committed 12120K, reserved 1048576K
GC Heap History (10 events):
Event: 5447.135 GC heap before
{Heap before GC invocations=39 (full 4):
 PSYoungGen      total 186368K, used 173207K [0x00000000e0000000, 0x00000000eed00000, 0x0000000100000000)
  eden space 138752K, 100% used [0x00000000e0000000,0x00000000e8780000,0x00000000e8780000)
  from space 47616K, 72% used [0x00000000eb900000,0x00000000edaa5eb0,0x00000000ee780000)
  to   space 50688K, 0% used [0x00000000e8780000,0x00000000e8780000,0x00000000eb900000)
 ParOldGen       total 175616K, used 75158K [0x00000000a0000000, 0x00000000aab80000, 0x00000000e0000000)
  object space 175616K, 42% used [0x00000000a0000000,0x00000000a49659e8,0x00000000aab80000)
 Metaspace       used 75878K, capacity 81794K, committed 82648K, reserved 1120256K
  class space    used 9766K, capacity 11172K, committed 11480K, reserved 1048576K
Event: 5447.154 GC heap after
Heap after GC invocations=39 (full 4):
 PSYoungGen      total 189440K, used 9728K [0x00000000e0000000, 0x00000000eeb00000, 0x0000000100000000)
  eden space 138752K, 0% used [0x00000000e0000000,0x00000000e0000000,0x00000000e8780000)
  from space 50688K, 19% used [0x00000000e8780000,0x00000000e9100040,0x00000000eb900000)
  to   space 49664K, 0% used [0x00000000eba80000,0x00000000eba80000,0x00000000eeb00000)
 ParOldGen       total 175616K, used 75166K [0x00000000a0000000, 0x00000000aab80000, 0x00000000e0000000)
  object space 175616K, 42% used [0x00000000a0000000,0x00000000a49679e8,0x00000000aab80000)
 Metaspace       used 75878K, capacity 81794K, committed 82648K, reserved 1120256K
  class space    used 9766K, capacity 11172K, committed 11480K, reserved 1048576K
}
Event: 5458.477 GC heap before
{Heap before GC invocations=40 (full 4):
 PSYoungGen      total 189440K, used 148480K [0x00000000e0000000, 0x00000000eeb00000, 0x0000000100000000)
  eden space 138752K, 100% used [0x00000000e0000000,0x00000000e8780000,0x00000000e8780000)
  from space 50688K, 19% used [0x00000000e8780000,0x00000000e9100040,0x00000000eb900000)
  to   space 49664K, 0% used [0x00000000eba80000,0x00000000eba80000,0x00000000eeb00000)
 ParOldGen       total 175616K, used 75166K [0x00000000a0000000, 0x00000000aab80000, 0x00000000e0000000)
  object space 175616K, 42% used [0x00000000a0000000,0x00000000a49679e8,0x00000000aab80000)
 Metaspace       used 81333K, capacity 87182K, committed 88024K, reserved 1126400K
  class space    used 10371K, capacity 11752K, committed 11992K, reserved 1048576K
Event: 5458.545 GC heap after
Heap after GC invocations=40 (full 4):
 PSYoungGen      total 188928K, used 34510K [0x00000000e0000000, 0x00000000ef100000, 0x0000000100000000)
  eden space 139264K, 0% used [0x00000000e0000000,0x00000000e0000000,0x00000000e8800000)
  from space 49664K, 69% used [0x00000000eba80000,0x00000000edc33868,0x00000000eeb00000)
  to   space 51712K, 0% used [0x00000000e8800000,0x00000000e8800000,0x00000000eba80000)
 ParOldGen       total 175616K, used 75182K [0x00000000a0000000, 0x00000000aab80000, 0x00000000e0000000)
  object space 175616K, 42% used [0x00000000a0000000,0x00000000a496b9e8,0x00000000aab80000)
 Metaspace       used 81333K, capacity 87182K, committed 88024K, reserved 1126400K
  class space    used 10371K, capacity 11752K, committed 11992K, reserved 1048576K
}
Event: 5529.968 GC heap before
{Heap before GC invocations=41 (full 4):
 PSYoungGen      total 188928K, used 173774K [0x00000000e0000000, 0x00000000ef100000, 0x0000000100000000)
  eden space 139264K, 100% used [0x00000000e0000000,0x00000000e8800000,0x00000000e8800000)
  from space 49664K, 69% used [0x00000000eba80000,0x00000000edc33868,0x00000000eeb00000)
  to   space 51712K, 0% used [0x00000000e8800000,0x00000000e8800000,0x00000000eba80000)
 ParOldGen       total 175616K, used 75182K [0x00000000a0000000, 0x00000000aab80000, 0x00000000e0000000)
  object space 175616K, 42% used [0x00000000a0000000,0x00000000a496b9e8,0x00000000aab80000)
 Metaspace       used 82220K, capacity 88188K, committed 88792K, reserved 1126400K
  class space    used 10435K, capacity 11845K, committed 11992K, reserved 1048576K
Event: 5530.056 GC heap after
Heap after GC invocations=41 (full 4):
 PSYoungGen      total 190976K, used 33220K [0x00000000e0000000, 0x00000000ef400000, 0x0000000100000000)
  eden space 139264K, 0% used [0x00000000e0000000,0x00000000e0000000,0x00000000e8800000)
  from space 51712K, 64% used [0x00000000e8800000,0x00000000ea8711c0,0x00000000eba80000)
  to   space 53248K, 0% used [0x00000000ec000000,0x00000000ec000000,0x00000000ef400000)
 ParOldGen       total 175616K, used 75190K [0x00000000a0000000, 0x00000000aab80000, 0x00000000e0000000)
  object space 175616K, 42% used [0x00000000a0000000,0x00000000a496d9e8,0x00000000aab80000)
 Metaspace       used 82220K, capacity 88188K, committed 88792K, reserved 1126400K
  class space    used 10435K, capacity 11845K, committed 11992K, reserved 1048576K
}
Event: 5540.376 GC heap before
{Heap before GC invocations=42 (full 4):
 PSYoungGen      total 190976K, used 172484K [0x00000000e0000000, 0x00000000ef400000, 0x0000000100000000)
  eden space 139264K, 100% used [0x00000000e0000000,0x00000000e8800000,0x00000000e8800000)
  from space 51712K, 64% used [0x00000000e8800000,0x00000000ea8711c0,0x00000000eba80000)
  to   space 53248K, 0% used [0x00000000ec000000,0x00000000ec000000,0x00000000ef400000)
 ParOldGen       total 175616K, used 75190K [0x00000000a0000000, 0x00000000aab80000, 0x00000000e0000000)
  object space 175616K, 42% used [0x00000000a0000000,0x00000000a496d9e8,0x00000000aab80000)
 Metaspace       used 83086K, capacity 89076K, committed 89560K, reserved 1126400K
  class space    used 10485K, capacity 11855K, committed 11992K, reserved 1048576K
Event: 5540.485 GC heap after
Heap after GC invocations=42 (full 4):
 PSYoungGen      total 197632K, used 24402K [0x00000000e0000000, 0x00000000ef280000, 0x0000000100000000)
  eden space 145920K, 0% used [0x00000000e0000000,0x00000000e0000000,0x00000000e8e80000)
  from space 51712K, 47% used [0x00000000ec000000,0x00000000ed7d4b98,0x00000000ef280000)
  to   space 50688K, 0% used [0x00000000e8e80000,0x00000000e8e80000,0x00000000ec000000)
 ParOldGen       total 175616K, used 75198K [0x00000000a0000000, 0x00000000aab80000, 0x00000000e0000000)
  object space 175616K, 42% used [0x00000000a0000000,0x00000000a496f9e8,0x00000000aab80000)
 Metaspace       used 83086K, capacity 89076K, committed 89560K, reserved 1126400K
  class space    used 10485K, capacity 11855K, committed 11992K, reserved 1048576K
}
Event: 5540.984 GC heap before
{Heap before GC invocations=43 (full 4):
 PSYoungGen      total 197632K, used 170322K [0x00000000e0000000, 0x00000000ef280000, 0x0000000100000000)
  eden space 145920K, 100% used [0x00000000e0000000,0x00000000e8e80000,0x00000000e8e80000)
  from space 51712K, 47% used [0x00000000ec000000,0x00000000ed7d4b98,0x00000000ef280000)
  to   space 50688K, 0% used [0x00000000e8e80000,0x00000000e8e80000,0x00000000ec000000)
 ParOldGen       total 175616K, used 75198K [0x00000000a0000000, 0x00000000aab80000, 0x00000000e0000000)
  object space 175616K, 42% used [0x00000000a0000000,0x00000000a496f9e8,0x00000000aab80000)
 Metaspace       used 83113K, capacity 89082K, committed 89560K, reserved 1126400K
  class space    used 10486K, capacity 11856K, committed 11992K, reserved 1048576K
Event: 5541.018 GC heap after
Heap after GC invocations=43 (full 4):
 PSYoungGen      total 196608K, used 28034K [0x00000000e0000000, 0x00000000f0500000, 0x0000000100000000)
  eden space 145920K, 0% used [0x00000000e0000000,0x00000000e0000000,0x00000000e8e80000)
  from space 50688K, 55% used [0x00000000e8e80000,0x00000000ea9e0a30,0x00000000ec000000)
  to   space 50176K, 0% used [0x00000000ed400000,0x00000000ed400000,0x00000000f0500000)
 ParOldGen       total 175616K, used 75198K [0x00000000a0000000, 0x00000000aab80000, 0x00000000e0000000)
  object space 175616K, 42% used [0x00000000a0000000,0x00000000a496f9e8,0x00000000aab80000)
 Metaspace       used 83113K, capacity 89082K, committed 89560K, reserved 1126400K
  class space    used 10486K, capacity 11856K, committed 11992K, reserved 1048576K
}

