# JRE version: OpenJDK Runtime Environment (8.0_112-b06) (build 1.8.0_112-release-b06)
# Java VM: OpenJDK 64-Bit Server VM (25.112-b06 mixed mode windows-amd64 compressed oops)
Heap:
 PSYoungGen      total 122368K, used 83390K [0x00000000e0000000, 0x00000000e9300000, 0x0000000100000000)
  eden space 117760K, 67% used [0x00000000e0000000,0x00000000e4d1a728,0x00000000e7300000)
  from space 4608K, 96% used [0x00000000e7780000,0x00000000e7bd51e8,0x00000000e7c00000)
  to   space 16384K, 0% used [0x00000000e8300000,0x00000000e8300000,0x00000000e9300000)
 ParOldGen       total 91136K, used 59751K [0x00000000a0000000, 0x00000000a5900000, 0x00000000e0000000)
  object space 91136K, 65% used [0x00000000a0000000,0x00000000a3a59f58,0x00000000a5900000)
 Metaspace       used 60177K, capacity 62864K, committed 62976K, reserved 1103872K
  class space    used 8024K, capacity 8606K, committed 8704K, reserved 1048576K
GC Heap History (10 events):
Event: 40.463 GC heap before
{Heap before GC invocations=24 (full 2):
 PSYoungGen      total 91648K, used 91644K [0x00000000e0000000, 0x00000000e7b80000, 0x0000000100000000)
  eden space 83456K, 100% used [0x00000000e0000000,0x00000000e5180000,0x00000000e5180000)
  from space 8192K, 99% used [0x00000000e5180000,0x00000000e597f1d0,0x00000000e5980000)
  to   space 11264K, 0% used [0x00000000e7080000,0x00000000e7080000,0x00000000e7b80000)
 ParOldGen       total 49664K, used 30429K [0x00000000a0000000, 0x00000000a3080000, 0x00000000e0000000)
  object space 49664K, 61% used [0x00000000a0000000,0x00000000a1db75e0,0x00000000a3080000)
 Metaspace       used 52798K, capacity 54828K, committed 54912K, reserved 1095680K
  class space    used 7266K, capacity 7771K, committed 7808K, reserved 1048576K
Event: 40.497 GC heap after
Heap after GC invocations=24 (full 2):
 PSYoungGen      total 113152K, used 10976K [0x00000000e0000000, 0x00000000e8300000, 0x0000000100000000)
  eden space 101888K, 0% used [0x00000000e0000000,0x00000000e0000000,0x00000000e6380000)
  from space 11264K, 97% used [0x00000000e7080000,0x00000000e7b38000,0x00000000e7b80000)
  to   space 13312K, 0% used [0x00000000e6380000,0x00000000e6380000,0x00000000e7080000)
 ParOldGen       total 49664K, used 36959K [0x00000000a0000000, 0x00000000a3080000, 0x00000000e0000000)
  object space 49664K, 74% used [0x00000000a0000000,0x00000000a2417e30,0x00000000a3080000)
 Metaspace       used 52798K, capacity 54828K, committed 54912K, reserved 1095680K
  class space    used 7266K, capacity 7771K, committed 7808K, reserved 1048576K
}
Event: 51.168 GC heap before
{Heap before GC invocations=25 (full 2):
 PSYoungGen      total 113152K, used 112864K [0x00000000e0000000, 0x00000000e8300000, 0x0000000100000000)
  eden space 101888K, 100% used [0x00000000e0000000,0x00000000e6380000,0x00000000e6380000)
  from space 11264K, 97% used [0x00000000e7080000,0x00000000e7b38000,0x00000000e7b80000)
  to   space 13312K, 0% used [0x00000000e6380000,0x00000000e6380000,0x00000000e7080000)
 ParOldGen       total 49664K, used 36959K [0x00000000a0000000, 0x00000000a3080000, 0x00000000e0000000)
  object space 49664K, 74% used [0x00000000a0000000,0x00000000a2417e30,0x00000000a3080000)
 Metaspace       used 55903K, capacity 58418K, committed 58624K, reserved 1099776K
  class space    used 7577K, capacity 8137K, committed 8192K, reserved 1048576K
Event: 51.188 GC heap after
Heap after GC invocations=25 (full 2):
 PSYoungGen      total 115200K, used 5333K [0x00000000e0000000, 0x00000000e9580000, 0x0000000100000000)
  eden space 101888K, 0% used [0x00000000e0000000,0x00000000e0000000,0x00000000e6380000)
  from space 13312K, 40% used [0x00000000e6380000,0x00000000e68b5628,0x00000000e7080000)
  to   space 12288K, 0% used [0x00000000e8980000,0x00000000e8980000,0x00000000e9580000)
 ParOldGen       total 49664K, used 47690K [0x00000000a0000000, 0x00000000a3080000, 0x00000000e0000000)
  object space 49664K, 96% used [0x00000000a0000000,0x00000000a2e92ac0,0x00000000a3080000)
 Metaspace       used 55903K, capacity 58418K, committed 58624K, reserved 1099776K
  class space    used 7577K, capacity 8137K, committed 8192K, reserved 1048576K
}
Event: 51.188 GC heap before
{Heap before GC invocations=26 (full 3):
 PSYoungGen      total 115200K, used 5333K [0x00000000e0000000, 0x00000000e9580000, 0x0000000100000000)
  eden space 101888K, 0% used [0x00000000e0000000,0x00000000e0000000,0x00000000e6380000)
  from space 13312K, 40% used [0x00000000e6380000,0x00000000e68b5628,0x00000000e7080000)
  to   space 12288K, 0% used [0x00000000e8980000,0x00000000e8980000,0x00000000e9580000)
 ParOldGen       total 49664K, used 47690K [0x00000000a0000000, 0x00000000a3080000, 0x00000000e0000000)
  object space 49664K, 96% used [0x00000000a0000000,0x00000000a2e92ac0,0x00000000a3080000)
 Metaspace       used 55903K, capacity 58418K, committed 58624K, reserved 1099776K
  class space    used 7577K, capacity 8137K, committed 8192K, reserved 1048576K
Event: 51.620 GC heap after
Heap after GC invocations=26 (full 3):
 PSYoungGen      total 115200K, used 0K [0x00000000e0000000, 0x00000000e9580000, 0x0000000100000000)
  eden space 101888K, 0% used [0x00000000e0000000,0x00000000e0000000,0x00000000e6380000)
  from space 13312K, 0% used [0x00000000e6380000,0x00000000e6380000,0x00000000e7080000)
  to   space 12288K, 0% used [0x00000000e8980000,0x00000000e8980000,0x00000000e9580000)
 ParOldGen       total 91136K, used 42935K [0x00000000a0000000, 0x00000000a5900000, 0x00000000e0000000)
  object space 91136K, 47% used [0x00000000a0000000,0x00000000a29edcc0,0x00000000a5900000)
 Metaspace       used 55903K, capacity 58418K, committed 58624K, reserved 1099776K
  class space    used 7577K, capacity 8137K, committed 8192K, reserved 1048576K
}
Event: 55.632 GC heap before
{Heap before GC invocations=27 (full 3):
 PSYoungGen      total 115200K, used 101888K [0x00000000e0000000, 0x00000000e9580000, 0x0000000100000000)
  eden space 101888K, 100% used [0x00000000e0000000,0x00000000e6380000,0x00000000e6380000)
  from space 13312K, 0% used [0x00000000e6380000,0x00000000e6380000,0x00000000e7080000)
  to   space 12288K, 0% used [0x00000000e8980000,0x00000000e8980000,0x00000000e9580000)
 ParOldGen       total 91136K, used 42935K [0x00000000a0000000, 0x00000000a5900000, 0x00000000e0000000)
  object space 91136K, 47% used [0x00000000a0000000,0x00000000a29edcc0,0x00000000a5900000)
 Metaspace       used 59034K, capacity 61508K, committed 61568K, reserved 1101824K
  class space    used 7953K, capacity 8520K, committed 8576K, reserved 1048576K
Event: 55.659 GC heap after
Heap after GC invocations=27 (full 3):
 PSYoungGen      total 134656K, used 12272K [0x00000000e0000000, 0x00000000e9880000, 0x0000000100000000)
  eden space 122368K, 0% used [0x00000000e0000000,0x00000000e0000000,0x00000000e7780000)
  from space 12288K, 99% used [0x00000000e8980000,0x00000000e957c030,0x00000000e9580000)
  to   space 16896K, 0% used [0x00000000e7780000,0x00000000e7780000,0x00000000e8800000)
 ParOldGen       total 91136K, used 50404K [0x00000000a0000000, 0x00000000a5900000, 0x00000000e0000000)
  object space 91136K, 55% used [0x00000000a0000000,0x00000000a3139018,0x00000000a5900000)
 Metaspace       used 59034K, capacity 61508K, committed 61568K, reserved 1101824K
  class space    used 7953K, capacity 8520K, committed 8576K, reserved 1048576K
}
Event: 1512.275 GC heap before
{Heap before GC invocations=28 (full 3):
 PSYoungGen      total 134656K, used 134640K [0x00000000e0000000, 0x00000000e9880000, 0x0000000100000000)
  eden space 122368K, 100% used [0x00000000e0000000,0x00000000e7780000,0x00000000e7780000)
  from space 12288K, 99% used [0x00000000e8980000,0x00000000e957c030,0x00000000e9580000)
  to   space 16896K, 0% used [0x00000000e7780000,0x00000000e7780000,0x00000000e8800000)
 ParOldGen       total 91136K, used 50404K [0x00000000a0000000, 0x00000000a5900000, 0x00000000e0000000)
  object space 91136K, 55% used [0x00000000a0000000,0x00000000a3139018,0x00000000a5900000)
 Metaspace       used 59712K, capacity 62370K, committed 62592K, reserved 1103872K
  class space    used 7993K, capacity 8559K, committed 8576K, reserved 1048576K
Event: 1512.339 GC heap after
Heap after GC invocations=28 (full 3):
 PSYoungGen      total 122368K, used 4436K [0x00000000e0000000, 0x00000000e9300000, 0x0000000100000000)
  eden space 117760K, 0% used [0x00000000e0000000,0x00000000e0000000,0x00000000e7300000)
  from space 4608K, 96% used [0x00000000e7780000,0x00000000e7bd51e8,0x00000000e7c00000)
  to   space 16384K, 0% used [0x00000000e8300000,0x00000000e8300000,0x00000000e9300000)
 ParOldGen       total 91136K, used 59751K [0x00000000a0000000, 0x00000000a5900000, 0x00000000e0000000)
  object space 91136K, 65% used [0x00000000a0000000,0x00000000a3a59f58,0x00000000a5900000)
 Metaspace       used 59712K, capacity 62370K, committed 62592K, reserved 1103872K
  class space    used 7993K, capacity 8559K, committed 8576K, reserved 1048576K
}

