# JRE version: OpenJDK Runtime Environment (8.0_152-b02) (build 1.8.0_152-release-1024-b02)
# Java VM: OpenJDK 64-Bit Server VM (25.152-b02 mixed mode windows-amd64 compressed oops)
Heap:
 PSYoungGen      total 104448K, used 63718K [0x00000000e0000000, 0x00000000e8b80000, 0x0000000100000000)
  eden space 93696K, 68% used [0x00000000e0000000,0x00000000e3e39818,0x00000000e5b80000)
  from space 10752K, 0% used [0x00000000e6000000,0x00000000e6000000,0x00000000e6a80000)
  to   space 24576K, 0% used [0x00000000e7380000,0x00000000e7380000,0x00000000e8b80000)
 ParOldGen       total 70144K, used 69868K [0x00000000a0000000, 0x00000000a4480000, 0x00000000e0000000)
  object space 70144K, 99% used [0x00000000a0000000,0x00000000a443b1b8,0x00000000a4480000)
 Metaspace       used 58941K, capacity 60794K, committed 60928K, reserved 1101824K
  class space    used 7939K, capacity 8401K, committed 8448K, reserved 1048576K
GC Heap History (10 events):
Event: 302.571 GC heap before
{Heap before GC invocations=56 (full 33):
 PSYoungGen      total 104448K, used 93696K [0x00000000e0000000, 0x00000000e8b80000, 0x0000000100000000)
  eden space 93696K, 100% used [0x00000000e0000000,0x00000000e5b80000,0x00000000e5b80000)
  from space 10752K, 0% used [0x00000000e6000000,0x00000000e6000000,0x00000000e6a80000)
  to   space 24576K, 0% used [0x00000000e7380000,0x00000000e7380000,0x00000000e8b80000)
 ParOldGen       total 70144K, used 69786K [0x00000000a0000000, 0x00000000a4480000, 0x00000000e0000000)
  object space 70144K, 99% used [0x00000000a0000000,0x00000000a4426838,0x00000000a4480000)
 Metaspace       used 58244K, capacity 60090K, committed 60416K, reserved 1101824K
  class space    used 7874K, capacity 8337K, committed 8448K, reserved 1048576K
Event: 302.814 GC heap after
Heap after GC invocations=56 (full 33):
 PSYoungGen      total 104448K, used 33323K [0x00000000e0000000, 0x00000000e8b80000, 0x0000000100000000)
  eden space 93696K, 35% used [0x00000000e0000000,0x00000000e208ad40,0x00000000e5b80000)
  from space 10752K, 0% used [0x00000000e6000000,0x00000000e6000000,0x00000000e6a80000)
  to   space 24576K, 0% used [0x00000000e7380000,0x00000000e7380000,0x00000000e8b80000)
 ParOldGen       total 70144K, used 69786K [0x00000000a0000000, 0x00000000a4480000, 0x00000000e0000000)
  object space 70144K, 99% used [0x00000000a0000000,0x00000000a4426838,0x00000000a4480000)
 Metaspace       used 58244K, capacity 60090K, committed 60416K, reserved 1101824K
  class space    used 7874K, capacity 8337K, committed 8448K, reserved 1048576K
}
Event: 303.769 GC heap before
{Heap before GC invocations=57 (full 34):
 PSYoungGen      total 104448K, used 93696K [0x00000000e0000000, 0x00000000e8b80000, 0x0000000100000000)
  eden space 93696K, 100% used [0x00000000e0000000,0x00000000e5b80000,0x00000000e5b80000)
  from space 10752K, 0% used [0x00000000e6000000,0x00000000e6000000,0x00000000e6a80000)
  to   space 24576K, 0% used [0x00000000e7380000,0x00000000e7380000,0x00000000e8b80000)
 ParOldGen       total 70144K, used 69786K [0x00000000a0000000, 0x00000000a4480000, 0x00000000e0000000)
  object space 70144K, 99% used [0x00000000a0000000,0x00000000a4426838,0x00000000a4480000)
 Metaspace       used 58300K, capacity 60154K, committed 60416K, reserved 1101824K
  class space    used 7879K, capacity 8337K, committed 8448K, reserved 1048576K
Event: 304.381 GC heap after
Heap after GC invocations=57 (full 34):
 PSYoungGen      total 104448K, used 35046K [0x00000000e0000000, 0x00000000e8b80000, 0x0000000100000000)
  eden space 93696K, 37% used [0x00000000e0000000,0x00000000e2239b90,0x00000000e5b80000)
  from space 10752K, 0% used [0x00000000e6000000,0x00000000e6000000,0x00000000e6a80000)
  to   space 24576K, 0% used [0x00000000e7380000,0x00000000e7380000,0x00000000e8b80000)
 ParOldGen       total 70144K, used 69910K [0x00000000a0000000, 0x00000000a4480000, 0x00000000e0000000)
  object space 70144K, 99% used [0x00000000a0000000,0x00000000a4445a60,0x00000000a4480000)
 Metaspace       used 58300K, capacity 60154K, committed 60416K, reserved 1101824K
  class space    used 7879K, capacity 8337K, committed 8448K, reserved 1048576K
}
Event: 304.800 GC heap before
{Heap before GC invocations=58 (full 35):
 PSYoungGen      total 104448K, used 93696K [0x00000000e0000000, 0x00000000e8b80000, 0x0000000100000000)
  eden space 93696K, 100% used [0x00000000e0000000,0x00000000e5b80000,0x00000000e5b80000)
  from space 10752K, 0% used [0x00000000e6000000,0x00000000e6000000,0x00000000e6a80000)
  to   space 24576K, 0% used [0x00000000e7380000,0x00000000e7380000,0x00000000e8b80000)
 ParOldGen       total 70144K, used 69910K [0x00000000a0000000, 0x00000000a4480000, 0x00000000e0000000)
  object space 70144K, 99% used [0x00000000a0000000,0x00000000a4445a60,0x00000000a4480000)
 Metaspace       used 58352K, capacity 60218K, committed 60416K, reserved 1101824K
  class space    used 7882K, capacity 8337K, committed 8448K, reserved 1048576K
Event: 305.753 GC heap after
Heap after GC invocations=58 (full 35):
 PSYoungGen      total 104448K, used 35805K [0x00000000e0000000, 0x00000000e8b80000, 0x0000000100000000)
  eden space 93696K, 38% used [0x00000000e0000000,0x00000000e22f7628,0x00000000e5b80000)
  from space 10752K, 0% used [0x00000000e6000000,0x00000000e6000000,0x00000000e6a80000)
  to   space 24576K, 0% used [0x00000000e7380000,0x00000000e7380000,0x00000000e8b80000)
 ParOldGen       total 70144K, used 69948K [0x00000000a0000000, 0x00000000a4480000, 0x00000000e0000000)
  object space 70144K, 99% used [0x00000000a0000000,0x00000000a444f078,0x00000000a4480000)
 Metaspace       used 58352K, capacity 60218K, committed 60416K, reserved 1101824K
  class space    used 7882K, capacity 8337K, committed 8448K, reserved 1048576K
}
Event: 306.096 GC heap before
{Heap before GC invocations=59 (full 36):
 PSYoungGen      total 104448K, used 93696K [0x00000000e0000000, 0x00000000e8b80000, 0x0000000100000000)
  eden space 93696K, 100% used [0x00000000e0000000,0x00000000e5b80000,0x00000000e5b80000)
  from space 10752K, 0% used [0x00000000e6000000,0x00000000e6000000,0x00000000e6a80000)
  to   space 24576K, 0% used [0x00000000e7380000,0x00000000e7380000,0x00000000e8b80000)
 ParOldGen       total 70144K, used 69948K [0x00000000a0000000, 0x00000000a4480000, 0x00000000e0000000)
  object space 70144K, 99% used [0x00000000a0000000,0x00000000a444f078,0x00000000a4480000)
 Metaspace       used 58398K, capacity 60218K, committed 60416K, reserved 1101824K
  class space    used 7888K, capacity 8337K, committed 8448K, reserved 1048576K
Event: 306.800 GC heap after
Heap after GC invocations=59 (full 36):
 PSYoungGen      total 104448K, used 31118K [0x00000000e0000000, 0x00000000e8b80000, 0x0000000100000000)
  eden space 93696K, 33% used [0x00000000e0000000,0x00000000e1e638d8,0x00000000e5b80000)
  from space 10752K, 0% used [0x00000000e6000000,0x00000000e6000000,0x00000000e6a80000)
  to   space 24576K, 0% used [0x00000000e7380000,0x00000000e7380000,0x00000000e8b80000)
 ParOldGen       total 70144K, used 70052K [0x00000000a0000000, 0x00000000a4480000, 0x00000000e0000000)
  object space 70144K, 99% used [0x00000000a0000000,0x00000000a4469368,0x00000000a4480000)
 Metaspace       used 58398K, capacity 60218K, committed 60416K, reserved 1101824K
  class space    used 7888K, capacity 8337K, committed 8448K, reserved 1048576K
}
Event: 307.366 GC heap before
{Heap before GC invocations=60 (full 37):
 PSYoungGen      total 104448K, used 93696K [0x00000000e0000000, 0x00000000e8b80000, 0x0000000100000000)
  eden space 93696K, 100% used [0x00000000e0000000,0x00000000e5b80000,0x00000000e5b80000)
  from space 10752K, 0% used [0x00000000e6000000,0x00000000e6000000,0x00000000e6a80000)
  to   space 24576K, 0% used [0x00000000e7380000,0x00000000e7380000,0x00000000e8b80000)
 ParOldGen       total 70144K, used 70052K [0x00000000a0000000, 0x00000000a4480000, 0x00000000e0000000)
  object space 70144K, 99% used [0x00000000a0000000,0x00000000a4469368,0x00000000a4480000)
 Metaspace       used 58927K, capacity 60794K, committed 60928K, reserved 1101824K
  class space    used 7939K, capacity 8401K, committed 8448K, reserved 1048576K
Event: 307.844 GC heap after
Heap after GC invocations=60 (full 37):
 PSYoungGen      total 104448K, used 25515K [0x00000000e0000000, 0x00000000e8b80000, 0x0000000100000000)
  eden space 93696K, 27% used [0x00000000e0000000,0x00000000e18ead98,0x00000000e5b80000)
  from space 10752K, 0% used [0x00000000e6000000,0x00000000e6000000,0x00000000e6a80000)
  to   space 24576K, 0% used [0x00000000e7380000,0x00000000e7380000,0x00000000e8b80000)
 ParOldGen       total 70144K, used 69868K [0x00000000a0000000, 0x00000000a4480000, 0x00000000e0000000)
  object space 70144K, 99% used [0x00000000a0000000,0x00000000a443b1b8,0x00000000a4480000)
 Metaspace       used 58927K, capacity 60794K, committed 60928K, reserved 1101824K
  class space    used 7939K, capacity 8401K, committed 8448K, reserved 1048576K
}

