# JRE version: OpenJDK Runtime Environment (8.0_112-b06) (build 1.8.0_112-release-b06)
# Java VM: OpenJDK 64-Bit Server VM (25.112-b06 mixed mode windows-amd64 compressed oops)
Heap:
 PSYoungGen      total 128512K, used 15764K [0x00000000e0000000, 0x00000000e8f00000, 0x0000000100000000)
  eden space 112640K, 4% used [0x00000000e0000000,0x00000000e0572268,0x00000000e6e00000)
  from space 15872K, 64% used [0x00000000e7f80000,0x00000000e8972ee8,0x00000000e8f00000)
  to   space 16896K, 0% used [0x00000000e6e00000,0x00000000e6e00000,0x00000000e7e80000)
 ParOldGen       total 97792K, used 58774K [0x00000000a0000000, 0x00000000a5f80000, 0x00000000e0000000)
  object space 97792K, 60% used [0x00000000a0000000,0x00000000a3965830,0x00000000a5f80000)
 Metaspace       used 59743K, capacity 62284K, committed 62336K, reserved 1103872K
  class space    used 7995K, capacity 8556K, committed 8576K, reserved 1048576K
GC Heap History (10 events):
Event: 35.326 GC heap before
{Heap before GC invocations=25 (full 2):
 PSYoungGen      total 92160K, used 90360K [0x00000000e0000000, 0x00000000e6880000, 0x0000000100000000)
  eden space 82944K, 100% used [0x00000000e0000000,0x00000000e5100000,0x00000000e5100000)
  from space 9216K, 80% used [0x00000000e5b00000,0x00000000e623e350,0x00000000e6400000)
  to   space 10240K, 0% used [0x00000000e5100000,0x00000000e5100000,0x00000000e5b00000)
 ParOldGen       total 53760K, used 32590K [0x00000000a0000000, 0x00000000a3480000, 0x00000000e0000000)
  object space 53760K, 60% used [0x00000000a0000000,0x00000000a1fd3a88,0x00000000a3480000)
 Metaspace       used 53735K, capacity 56014K, committed 56192K, reserved 1097728K
  class space    used 7415K, capacity 7955K, committed 8064K, reserved 1048576K
Event: 35.354 GC heap after
Heap after GC invocations=25 (full 2):
 PSYoungGen      total 93184K, used 10224K [0x00000000e0000000, 0x00000000e7f80000, 0x0000000100000000)
  eden space 82944K, 0% used [0x00000000e0000000,0x00000000e0000000,0x00000000e5100000)
  from space 10240K, 99% used [0x00000000e5100000,0x00000000e5afc020,0x00000000e5b00000)
  to   space 13824K, 0% used [0x00000000e7200000,0x00000000e7200000,0x00000000e7f80000)
 ParOldGen       total 53760K, used 39128K [0x00000000a0000000, 0x00000000a3480000, 0x00000000e0000000)
  object space 53760K, 72% used [0x00000000a0000000,0x00000000a26361d8,0x00000000a3480000)
 Metaspace       used 53735K, capacity 56014K, committed 56192K, reserved 1097728K
  class space    used 7415K, capacity 7955K, committed 8064K, reserved 1048576K
}
Event: 44.510 GC heap before
{Heap before GC invocations=26 (full 2):
 PSYoungGen      total 93184K, used 93168K [0x00000000e0000000, 0x00000000e7f80000, 0x0000000100000000)
  eden space 82944K, 100% used [0x00000000e0000000,0x00000000e5100000,0x00000000e5100000)
  from space 10240K, 99% used [0x00000000e5100000,0x00000000e5afc020,0x00000000e5b00000)
  to   space 13824K, 0% used [0x00000000e7200000,0x00000000e7200000,0x00000000e7f80000)
 ParOldGen       total 53760K, used 39128K [0x00000000a0000000, 0x00000000a3480000, 0x00000000e0000000)
  object space 53760K, 72% used [0x00000000a0000000,0x00000000a26361d8,0x00000000a3480000)
 Metaspace       used 55934K, capacity 58418K, committed 58624K, reserved 1099776K
  class space    used 7584K, capacity 8137K, committed 8192K, reserved 1048576K
Event: 44.540 GC heap after
Heap after GC invocations=26 (full 2):
 PSYoungGen      total 113664K, used 3486K [0x00000000e0000000, 0x00000000e7e00000, 0x0000000100000000)
  eden space 101376K, 0% used [0x00000000e0000000,0x00000000e0000000,0x00000000e6300000)
  from space 12288K, 28% used [0x00000000e7200000,0x00000000e7567ba8,0x00000000e7e00000)
  to   space 13824K, 0% used [0x00000000e6300000,0x00000000e6300000,0x00000000e7080000)
 ParOldGen       total 53760K, used 49368K [0x00000000a0000000, 0x00000000a3480000, 0x00000000e0000000)
  object space 53760K, 91% used [0x00000000a0000000,0x00000000a3036250,0x00000000a3480000)
 Metaspace       used 55934K, capacity 58418K, committed 58624K, reserved 1099776K
  class space    used 7584K, capacity 8137K, committed 8192K, reserved 1048576K
}
Event: 44.540 GC heap before
{Heap before GC invocations=27 (full 3):
 PSYoungGen      total 113664K, used 3486K [0x00000000e0000000, 0x00000000e7e00000, 0x0000000100000000)
  eden space 101376K, 0% used [0x00000000e0000000,0x00000000e0000000,0x00000000e6300000)
  from space 12288K, 28% used [0x00000000e7200000,0x00000000e7567ba8,0x00000000e7e00000)
  to   space 13824K, 0% used [0x00000000e6300000,0x00000000e6300000,0x00000000e7080000)
 ParOldGen       total 53760K, used 49368K [0x00000000a0000000, 0x00000000a3480000, 0x00000000e0000000)
  object space 53760K, 91% used [0x00000000a0000000,0x00000000a3036250,0x00000000a3480000)
 Metaspace       used 55934K, capacity 58418K, committed 58624K, reserved 1099776K
  class space    used 7584K, capacity 8137K, committed 8192K, reserved 1048576K
Event: 45.219 GC heap after
Heap after GC invocations=27 (full 3):
 PSYoungGen      total 113664K, used 0K [0x00000000e0000000, 0x00000000e7e00000, 0x0000000100000000)
  eden space 101376K, 0% used [0x00000000e0000000,0x00000000e0000000,0x00000000e6300000)
  from space 12288K, 0% used [0x00000000e7200000,0x00000000e7200000,0x00000000e7e00000)
  to   space 13824K, 0% used [0x00000000e6300000,0x00000000e6300000,0x00000000e7080000)
 ParOldGen       total 97792K, used 42731K [0x00000000a0000000, 0x00000000a5f80000, 0x00000000e0000000)
  object space 97792K, 43% used [0x00000000a0000000,0x00000000a29baec8,0x00000000a5f80000)
 Metaspace       used 55934K, capacity 58418K, committed 58624K, reserved 1099776K
  class space    used 7584K, capacity 8137K, committed 8192K, reserved 1048576K
}
Event: 50.397 GC heap before
{Heap before GC invocations=28 (full 3):
 PSYoungGen      total 113664K, used 101376K [0x00000000e0000000, 0x00000000e7e00000, 0x0000000100000000)
  eden space 101376K, 100% used [0x00000000e0000000,0x00000000e6300000,0x00000000e6300000)
  from space 12288K, 0% used [0x00000000e7200000,0x00000000e7200000,0x00000000e7e00000)
  to   space 13824K, 0% used [0x00000000e6300000,0x00000000e6300000,0x00000000e7080000)
 ParOldGen       total 97792K, used 42731K [0x00000000a0000000, 0x00000000a5f80000, 0x00000000e0000000)
  object space 97792K, 43% used [0x00000000a0000000,0x00000000a29baec8,0x00000000a5f80000)
 Metaspace       used 59022K, capacity 61488K, committed 61824K, reserved 1101824K
  class space    used 7940K, capacity 8488K, committed 8576K, reserved 1048576K
Event: 50.430 GC heap after
Heap after GC invocations=28 (full 3):
 PSYoungGen      total 115200K, used 13814K [0x00000000e0000000, 0x00000000e9000000, 0x0000000100000000)
  eden space 101376K, 0% used [0x00000000e0000000,0x00000000e0000000,0x00000000e6300000)
  from space 13824K, 99% used [0x00000000e6300000,0x00000000e707daa8,0x00000000e7080000)
  to   space 16896K, 0% used [0x00000000e7f80000,0x00000000e7f80000,0x00000000e9000000)
 ParOldGen       total 97792K, used 45018K [0x00000000a0000000, 0x00000000a5f80000, 0x00000000e0000000)
  object space 97792K, 46% used [0x00000000a0000000,0x00000000a2bf68e8,0x00000000a5f80000)
 Metaspace       used 59022K, capacity 61488K, committed 61824K, reserved 1101824K
  class space    used 7940K, capacity 8488K, committed 8576K, reserved 1048576K
}
Event: 92.015 GC heap before
{Heap before GC invocations=29 (full 3):
 PSYoungGen      total 115200K, used 115190K [0x00000000e0000000, 0x00000000e9000000, 0x0000000100000000)
  eden space 101376K, 100% used [0x00000000e0000000,0x00000000e6300000,0x00000000e6300000)
  from space 13824K, 99% used [0x00000000e6300000,0x00000000e707daa8,0x00000000e7080000)
  to   space 16896K, 0% used [0x00000000e7f80000,0x00000000e7f80000,0x00000000e9000000)
 ParOldGen       total 97792K, used 45018K [0x00000000a0000000, 0x00000000a5f80000, 0x00000000e0000000)
  object space 97792K, 46% used [0x00000000a0000000,0x00000000a2bf68e8,0x00000000a5f80000)
 Metaspace       used 59736K, capacity 62284K, committed 62336K, reserved 1103872K
  class space    used 7995K, capacity 8556K, committed 8576K, reserved 1048576K
Event: 92.176 GC heap after
Heap after GC invocations=29 (full 3):
 PSYoungGen      total 128512K, used 10187K [0x00000000e0000000, 0x00000000e8f00000, 0x0000000100000000)
  eden space 112640K, 0% used [0x00000000e0000000,0x00000000e0000000,0x00000000e6e00000)
  from space 15872K, 64% used [0x00000000e7f80000,0x00000000e8972ee8,0x00000000e8f00000)
  to   space 16896K, 0% used [0x00000000e6e00000,0x00000000e6e00000,0x00000000e7e80000)
 ParOldGen       total 97792K, used 58774K [0x00000000a0000000, 0x00000000a5f80000, 0x00000000e0000000)
  object space 97792K, 60% used [0x00000000a0000000,0x00000000a3965830,0x00000000a5f80000)
 Metaspace       used 59736K, capacity 62284K, committed 62336K, reserved 1103872K
  class space    used 7995K, capacity 8556K, committed 8576K, reserved 1048576K
}

